# JRE version: OpenJDK Runtime Environment (8.0_322-b06) (build 1.8.0_322-b06)
# Java VM: OpenJDK 64-Bit Server VM (25.322-b06 mixed mode windows-amd64 compressed oops)
Heap:
 PSYoungGen      total 768000K, used 258162K [0x0000000760000000, 0x0000000796100000, 0x00000007c0000000)
  eden space 660480K, 26% used [0x0000000760000000,0x000000076ade4e30,0x0000000788500000)
  from space 107520K, 74% used [0x0000000788500000,0x000000078d337c68,0x000000078ee00000)
  to   space 96256K, 0% used [0x000000078ee00000,0x000000078ee00000,0x0000000794c00000)
 ParOldGen       total 387072K, used 217012K [0x00000006a0000000, 0x00000006b7a00000, 0x0000000760000000)
  object space 387072K, 56% used [0x00000006a0000000,0x00000006ad3ed248,0x00000006b7a00000)
 Metaspace       used 123895K, capacity 130840K, committed 131072K, reserved 1163264K
  class space    used 16244K, capacity 17551K, committed 17664K, reserved 1048576K
GC Heap History (10 events):
Event: 193.049 GC heap before
{Heap before GC invocations=28 (full 5):
 PSYoungGen      total 603136K, used 32649K [0x0000000760000000, 0x0000000791400000, 0x00000007c0000000)
  eden space 505344K, 0% used [0x0000000760000000,0x0000000760000000,0x000000077ed80000)
  from space 97792K, 33% used [0x000000077ed80000,0x0000000780d62700,0x0000000784d00000)
  to   space 92160K, 0% used [0x000000078ba00000,0x000000078ba00000,0x0000000791400000)
 ParOldGen       total 249856K, used 233442K [0x00000006a0000000, 0x00000006af400000, 0x0000000760000000)
  object space 249856K, 93% used [0x00000006a0000000,0x00000006ae3f8b28,0x00000006af400000)
 Metaspace       used 108029K, capacity 113460K, committed 113664K, reserved 1146880K
  class space    used 14211K, capacity 15286K, committed 15360K, reserved 1048576K
Event: 197.540 GC heap after
Heap after GC invocations=28 (full 5):
 PSYoungGen      total 603136K, used 0K [0x0000000760000000, 0x0000000791400000, 0x00000007c0000000)
  eden space 505344K, 0% used [0x0000000760000000,0x0000000760000000,0x000000077ed80000)
  from space 97792K, 0% used [0x000000077ed80000,0x000000077ed80000,0x0000000784d00000)
  to   space 92160K, 0% used [0x000000078ba00000,0x000000078ba00000,0x0000000791400000)
 ParOldGen       total 387072K, used 216980K [0x00000006a0000000, 0x00000006b7a00000, 0x0000000760000000)
  object space 387072K, 56% used [0x00000006a0000000,0x00000006ad3e5248,0x00000006b7a00000)
 Metaspace       used 108029K, capacity 113460K, committed 113664K, reserved 1146880K
  class space    used 14211K, capacity 15286K, committed 15360K, reserved 1048576K
}
Event: 323.819 GC heap before
{Heap before GC invocations=29 (full 5):
 PSYoungGen      total 603136K, used 505344K [0x0000000760000000, 0x0000000791400000, 0x00000007c0000000)
  eden space 505344K, 100% used [0x0000000760000000,0x000000077ed80000,0x000000077ed80000)
  from space 97792K, 0% used [0x000000077ed80000,0x000000077ed80000,0x0000000784d00000)
  to   space 92160K, 0% used [0x000000078ba00000,0x000000078ba00000,0x0000000791400000)
 ParOldGen       total 387072K, used 216980K [0x00000006a0000000, 0x00000006b7a00000, 0x0000000760000000)
  object space 387072K, 56% used [0x00000006a0000000,0x00000006ad3e5248,0x00000006b7a00000)
 Metaspace       used 110951K, capacity 116508K, committed 116736K, reserved 1150976K
  class space    used 14497K, capacity 15613K, committed 15616K, reserved 1048576K
Event: 326.055 GC heap after
Heap after GC invocations=29 (full 5):
 PSYoungGen      total 648192K, used 17106K [0x0000000760000000, 0x000000078f180000, 0x00000007c0000000)
  eden space 591360K, 0% used [0x0000000760000000,0x0000000760000000,0x0000000784180000)
  from space 56832K, 30% used [0x000000078ba00000,0x000000078cab49c8,0x000000078f180000)
  to   space 90112K, 0% used [0x0000000784180000,0x0000000784180000,0x0000000789980000)
 ParOldGen       total 387072K, used 216988K [0x00000006a0000000, 0x00000006b7a00000, 0x0000000760000000)
  object space 387072K, 56% used [0x00000006a0000000,0x00000006ad3e7248,0x00000006b7a00000)
 Metaspace       used 110951K, capacity 116508K, committed 116736K, reserved 1150976K
  class space    used 14497K, capacity 15613K, committed 15616K, reserved 1048576K
}
Event: 339.581 GC heap before
{Heap before GC invocations=30 (full 5):
 PSYoungGen      total 648192K, used 608466K [0x0000000760000000, 0x000000078f180000, 0x00000007c0000000)
  eden space 591360K, 100% used [0x0000000760000000,0x0000000784180000,0x0000000784180000)
  from space 56832K, 30% used [0x000000078ba00000,0x000000078cab49c8,0x000000078f180000)
  to   space 90112K, 0% used [0x0000000784180000,0x0000000784180000,0x0000000789980000)
 ParOldGen       total 387072K, used 216988K [0x00000006a0000000, 0x00000006b7a00000, 0x0000000760000000)
  object space 387072K, 56% used [0x00000006a0000000,0x00000006ad3e7248,0x00000006b7a00000)
 Metaspace       used 119973K, capacity 126398K, committed 126464K, reserved 1159168K
  class space    used 15860K, capacity 17108K, committed 17152K, reserved 1048576K
Event: 340.241 GC heap after
Heap after GC invocations=30 (full 5):
 PSYoungGen      total 681472K, used 66073K [0x0000000760000000, 0x0000000794c00000, 0x00000007c0000000)
  eden space 591360K, 0% used [0x0000000760000000,0x0000000760000000,0x0000000784180000)
  from space 90112K, 73% used [0x0000000784180000,0x0000000788206560,0x0000000789980000)
  to   space 96256K, 0% used [0x000000078ee00000,0x000000078ee00000,0x0000000794c00000)
 ParOldGen       total 387072K, used 216996K [0x00000006a0000000, 0x00000006b7a00000, 0x0000000760000000)
  object space 387072K, 56% used [0x00000006a0000000,0x00000006ad3e9248,0x00000006b7a00000)
 Metaspace       used 119973K, capacity 126398K, committed 126464K, reserved 1159168K
  class space    used 15860K, capacity 17108K, committed 17152K, reserved 1048576K
}
Event: 347.227 GC heap before
{Heap before GC invocations=31 (full 5):
 PSYoungGen      total 681472K, used 657433K [0x0000000760000000, 0x0000000794c00000, 0x00000007c0000000)
  eden space 591360K, 100% used [0x0000000760000000,0x0000000784180000,0x0000000784180000)
  from space 90112K, 73% used [0x0000000784180000,0x0000000788206560,0x0000000789980000)
  to   space 96256K, 0% used [0x000000078ee00000,0x000000078ee00000,0x0000000794c00000)
 ParOldGen       total 387072K, used 216996K [0x00000006a0000000, 0x00000006b7a00000, 0x0000000760000000)
  object space 387072K, 56% used [0x00000006a0000000,0x00000006ad3e9248,0x00000006b7a00000)
 Metaspace       used 123597K, capacity 130536K, committed 130816K, reserved 1163264K
  class space    used 16237K, capacity 17547K, committed 17664K, reserved 1048576K
Event: 347.451 GC heap after
Heap after GC invocations=31 (full 5):
 PSYoungGen      total 756736K, used 83732K [0x0000000760000000, 0x0000000796100000, 0x00000007c0000000)
  eden space 660480K, 0% used [0x0000000760000000,0x0000000760000000,0x0000000788500000)
  from space 96256K, 86% used [0x000000078ee00000,0x0000000793fc51f0,0x0000000794c00000)
  to   space 107520K, 0% used [0x0000000788500000,0x0000000788500000,0x000000078ee00000)
 ParOldGen       total 387072K, used 217004K [0x00000006a0000000, 0x00000006b7a00000, 0x0000000760000000)
  object space 387072K, 56% used [0x00000006a0000000,0x00000006ad3eb248,0x00000006b7a00000)
 Metaspace       used 123597K, capacity 130536K, committed 130816K, reserved 1163264K
  class space    used 16237K, capacity 17547K, committed 17664K, reserved 1048576K
}
Event: 352.365 GC heap before
{Heap before GC invocations=32 (full 5):
 PSYoungGen      total 756736K, used 744212K [0x0000000760000000, 0x0000000796100000, 0x00000007c0000000)
  eden space 660480K, 100% used [0x0000000760000000,0x0000000788500000,0x0000000788500000)
  from space 96256K, 86% used [0x000000078ee00000,0x0000000793fc51f0,0x0000000794c00000)
  to   space 107520K, 0% used [0x0000000788500000,0x0000000788500000,0x000000078ee00000)
 ParOldGen       total 387072K, used 217004K [0x00000006a0000000, 0x00000006b7a00000, 0x0000000760000000)
  object space 387072K, 56% used [0x00000006a0000000,0x00000006ad3eb248,0x00000006b7a00000)
 Metaspace       used 123863K, capacity 130776K, committed 131072K, reserved 1163264K
  class space    used 16244K, capacity 17551K, committed 17664K, reserved 1048576K
Event: 352.724 GC heap after
Heap after GC invocations=32 (full 5):
 PSYoungGen      total 768000K, used 80095K [0x0000000760000000, 0x0000000796100000, 0x00000007c0000000)
  eden space 660480K, 0% used [0x0000000760000000,0x0000000760000000,0x0000000788500000)
  from space 107520K, 74% used [0x0000000788500000,0x000000078d337c68,0x000000078ee00000)
  to   space 96256K, 0% used [0x000000078ee00000,0x000000078ee00000,0x0000000794c00000)
 ParOldGen       total 387072K, used 217012K [0x00000006a0000000, 0x00000006b7a00000, 0x0000000760000000)
  object space 387072K, 56% used [0x00000006a0000000,0x00000006ad3ed248,0x00000006b7a00000)
 Metaspace       used 123863K, capacity 130776K, committed 131072K, reserved 1163264K
  class space    used 16244K, capacity 17551K, committed 17664K, reserved 1048576K
}

